<?xml version="1.0" encoding="UTF-8"?>
<!-- Generated by org.testng.reporters.JUnitReportReporter -->
<testsuite name="org.testng.Testn" tests="2" time="0.015" ignored="0" failures="0" timestamp="26 Dec 2022 06:40:50 GMT" skipped="0" hostname="DESKTOP-H0C006H" errors="0">
  <testcase name="test1" time="0.013" classname="org.testng.Testn"/>
  <testcase name="test11" time="0.002" classname="org.testng.Testn"/>
</testsuite> <!-- org.testng.Testn -->
